<?xml version="1.0" encoding="UTF-8"?>
<testng-results ignored="0" total="1" passed="1" failed="0" skipped="0">
  <reporter-output>
  </reporter-output>
  <suite started-at="2024-07-03T18:28:34 IST" name="Default suite" finished-at="2024-07-03T18:28:38 IST" duration-ms="4010">
    <groups>
    </groups>
    <test started-at="2024-07-03T18:28:34 IST" name="Default test" finished-at="2024-07-03T18:28:38 IST" duration-ms="4010">
      <class name="com.restassured.api.gson.method.CreateBookingUsingGson">
        <test-method signature="addBookings()[pri:0, instance:com.restassured.api.gson.method.CreateBookingUsingGson@2ea6e30c]" started-at="2024-07-03T18:28:34 IST" name="addBookings" finished-at="2024-07-03T18:28:38 IST" duration-ms="3909" status="PASS">
          <reporter-output>
          </reporter-output>
        </test-method> <!-- addBookings -->
      </class> <!-- com.restassured.api.gson.method.CreateBookingUsingGson -->
    </test> <!-- Default test -->
  </suite> <!-- Default suite -->
</testng-results>
