<?xml version="1.0" encoding="UTF-8"?>
<!-- Generated by org.testng.reporters.JUnitXMLReporter -->
<testsuite ignored="0" hostname="Nts-UjwalGai" failures="0" tests="4" name="Restful booker api Test" time="6.989" errors="0" timestamp="2024-06-25T12:22:18 IST">
  <testcase classname="com.restassured.api.crud.operations.nonbddstyle.PostRequestNonBdd" name="postRequestUsingNonBddStyle" time="2.821"/>
  <testcase classname="com.restassured.api.crud.operations.bddstyle.PostRequestBdd" name="postRquestUsingBdd" time="1.198"/>
  <testcase classname="com.restassured.api.crud.operations.bddstyle.GetRequestBdd" name="getRequestUsingBDD" time="1.514"/>
  <testcase classname="com.restassured.api.crud.operations.nonbddstyle.GetRequestNonBdd" name="getRequestUsingNonBdd" time="1.353"/>
</testsuite> <!-- Restful booker api Test -->
