<?xml version="1.0" encoding="UTF-8"?>
<!-- Generated by org.testng.reporters.JUnitXMLReporter -->
<testsuite ignored="1" hostname="Nts-UjwalGai" failures="0" tests="2" name="Test" time="0.194" errors="0" timestamp="2024-06-30T20:00:52 IST">
  <testcase classname="com.restassured.api.base.data.BaseUrls" name="testA" time="0.065"/>
  <testcase classname="com.restassured.api.base.data.BaseUrls" name="testB" time="0.003"/>
  <testcase classname="com.restassured.api.base.data.BaseUrls" name="testC" time="0.0">
    <ignored/>
  </testcase> <!-- testC -->
</testsuite> <!-- Test -->
